<?xml version="1.0" encoding="UTF-8"?>
<!-- Generated by org.testng.reporters.JUnitReportReporter -->
<testsuite hostname="DESKTOP-BMKO81V" failures="0" tests="18" name="com.bankguru.account.Account_Level05_PageFactoryManage_SingletonParten" time="29.961" errors="1" timestamp="12 Jun 2023 03:47:12 GMT" skipped="0">
  <testcase classname="com.bankguru.account.Account_Level05_PageFactoryManage_SingletonParten" name="TC_01_registerToSystem" time="17.361"/>
  <testcase classname="com.bankguru.account.Account_Level05_PageFactoryManage_SingletonParten" name="TC_02_loginToSystem" time="2.502"/>
  <testcase classname="com.bankguru.account.Account_Level05_PageFactoryManage_SingletonParten" name="TC_03_clickToNewCustomer" time="0.873"/>
  <testcase classname="com.bankguru.account.Account_Level05_PageFactoryManage_SingletonParten" name="TC_04_CusNameCannotNummeric" time="3.277"/>
  <testcase classname="com.bankguru.account.Account_Level05_PageFactoryManage_SingletonParten" name="TC_05_CusNameCannotFirstSpaceChar" time="0.130"/>
  <testcase classname="com.bankguru.account.Account_Level05_PageFactoryManage_SingletonParten" name="TC_06_CusNameSpecialChar" time="0.201"/>
  <testcase classname="com.bankguru.account.Account_Level05_PageFactoryManage_SingletonParten" name="TC_07_AddessNotEmpty" time="0.090"/>
  <testcase classname="com.bankguru.account.Account_Level05_PageFactoryManage_SingletonParten" name="TC_07_AddessHaveFirstBlank" time="0.111"/>
  <testcase classname="com.bankguru.account.Account_Level05_PageFactoryManage_SingletonParten" name="cityCannotBeEmpty" time="0.108"/>
  <testcase classname="com.bankguru.account.Account_Level05_PageFactoryManage_SingletonParten" name="cityCannotBeNumeric" time="0.193"/>
  <testcase classname="com.bankguru.account.Account_Level05_PageFactoryManage_SingletonParten" name="cityCannotFirstBlank" time="0.136"/>
  <testcase classname="com.bankguru.account.Account_Level05_PageFactoryManage_SingletonParten" name="stateCannotBeEmpty" time="0.117"/>
  <testcase classname="com.bankguru.account.Account_Level05_PageFactoryManage_SingletonParten" name="stateCannotBeNumeric" time="0.198"/>
  <testcase classname="com.bankguru.account.Account_Level05_PageFactoryManage_SingletonParten" name="stateWithFirstBlank" time="0.157"/>
  <testcase classname="com.bankguru.account.Account_Level05_PageFactoryManage_SingletonParten" name="pinCannotBeEmpty" time="0.154"/>
  <testcase classname="com.bankguru.account.Account_Level05_PageFactoryManage_SingletonParten" name="pinMustBeNumeric" time="1.251"/>
  <testcase classname="com.bankguru.account.Account_Level05_PageFactoryManage_SingletonParten" name="pinLesserThan6" time="0.225"/>
  <testcase classname="com.bankguru.account.Account_Level05_PageFactoryManage_SingletonParten" name="CreateCustomerSuccess" time="2.877">
    <error message="unexpected alert open: {Alert text : Customer could not be added !!}
  (Session info: chrome=114.0.5735.110)
  (Driver info: chromedriver=114.0.5735.90 (386bc09e8f4f2e025eddae123f36f6263096ae49-refs/branch-heads/5735@{#1052}),platform=Windows NT 10.0.19045 x86_64) (WARNING: The server did not provide any stacktrace information)
Command duration or timeout: 3 milliseconds: null
Build info: version: &#039;2.53.1&#039;, revision: &#039;a36b8b1&#039;, time: &#039;2016-06-30 17:37:03&#039;
System info: host: &#039;DESKTOP-BMKO81V&#039;, ip: &#039;10.5.21.39&#039;, os.name: &#039;Windows 10&#039;, os.arch: &#039;amd64&#039;, os.version: &#039;10.0&#039;, java.version: &#039;15.0.2&#039;
Driver info: org.openqa.selenium.chrome.ChromeDriver
Capabilities [{mobileEmulationEnabled=false, timeouts={implicit=0, pageLoad=300000, script=30000}, hasTouchScreen=false, platform=XP, acceptSslCerts=false, goog:chromeOptions={debuggerAddress=localhost:56149}, webauthn:extension:credBlob=true, acceptInsecureCerts=false, webStorageEnabled=true, browserName=chrome, takesScreenshot=true, javascriptEnabled=true, setWindowRect=true, webauthn:extension:largeBlob=true, unexpectedAlertBehaviour=ignore, rotatable=false, networkConnectionEnabled=false, chrome={chromedriverVersion=114.0.5735.90 (386bc09e8f4f2e025eddae123f36f6263096ae49-refs/branch-heads/5735@{#1052}), userDataDir=C:\Users\ADMIN\AppData\Local\Temp\scoped_dir3532_359462445}, takesHeapSnapshot=true, pageLoadStrategy=normal, strictFileInteractability=false, databaseEnabled=false, handlesAlerts=true, version=114.0.5735.110, browserConnectionEnabled=false, proxy={}, nativeEvents=true, webauthn:extension:minPinLength=true, webauthn:extension:prf=true, locationContextEnabled=true, cssSelectorsEnabled=true, webauthn:virtualAuthenticators=true}]
Session ID: 3ba0c4e3ad5a0e04fbcc3122d4ae3c5e
*** Element info: {Using=xpath, value=//td[text()=&#039;Customer ID&#039;]//following-sibling::td}" type="org.openqa.selenium.UnhandledAlertException">
      <![CDATA[org.openqa.selenium.UnhandledAlertException: unexpected alert open: {Alert text : Customer could not be added !!}
  (Session info: chrome=114.0.5735.110)
  (Driver info: chromedriver=114.0.5735.90 (386bc09e8f4f2e025eddae123f36f6263096ae49-refs/branch-heads/5735@{#1052}),platform=Windows NT 10.0.19045 x86_64) (WARNING: The server did not provide any stacktrace information)
Command duration or timeout: 3 milliseconds: null
Build info: version: '2.53.1', revision: 'a36b8b1', time: '2016-06-30 17:37:03'
System info: host: 'DESKTOP-BMKO81V', ip: '10.5.21.39', os.name: 'Windows 10', os.arch: 'amd64', os.version: '10.0', java.version: '15.0.2'
Driver info: org.openqa.selenium.chrome.ChromeDriver
Capabilities [{mobileEmulationEnabled=false, timeouts={implicit=0, pageLoad=300000, script=30000}, hasTouchScreen=false, platform=XP, acceptSslCerts=false, goog:chromeOptions={debuggerAddress=localhost:56149}, webauthn:extension:credBlob=true, acceptInsecureCerts=false, webStorageEnabled=true, browserName=chrome, takesScreenshot=true, javascriptEnabled=true, setWindowRect=true, webauthn:extension:largeBlob=true, unexpectedAlertBehaviour=ignore, rotatable=false, networkConnectionEnabled=false, chrome={chromedriverVersion=114.0.5735.90 (386bc09e8f4f2e025eddae123f36f6263096ae49-refs/branch-heads/5735@{#1052}), userDataDir=C:\Users\ADMIN\AppData\Local\Temp\scoped_dir3532_359462445}, takesHeapSnapshot=true, pageLoadStrategy=normal, strictFileInteractability=false, databaseEnabled=false, handlesAlerts=true, version=114.0.5735.110, browserConnectionEnabled=false, proxy={}, nativeEvents=true, webauthn:extension:minPinLength=true, webauthn:extension:prf=true, locationContextEnabled=true, cssSelectorsEnabled=true, webauthn:virtualAuthenticators=true}]
Session ID: 3ba0c4e3ad5a0e04fbcc3122d4ae3c5e
*** Element info: {Using=xpath, value=//td[text()='Customer ID']//following-sibling::td}
at java.base/jdk.internal.reflect.NativeConstructorAccessorImpl.newInstance0(Native Method)
at java.base/jdk.internal.reflect.NativeConstructorAccessorImpl.newInstance(NativeConstructorAccessorImpl.java:64)
at java.base/jdk.internal.reflect.DelegatingConstructorAccessorImpl.newInstance(DelegatingConstructorAccessorImpl.java:45)
at java.base/java.lang.reflect.Constructor.newInstanceWithCaller(Constructor.java:500)
at java.base/java.lang.reflect.Constructor.newInstance(Constructor.java:481)
at org.openqa.selenium.remote.ErrorHandler.createThrowable(ErrorHandler.java:206)
at org.openqa.selenium.remote.ErrorHandler.throwIfResponseFailed(ErrorHandler.java:164)
at org.openqa.selenium.remote.RemoteWebDriver.execute(RemoteWebDriver.java:678)
at org.openqa.selenium.remote.RemoteWebDriver.findElement(RemoteWebDriver.java:363)
at org.openqa.selenium.remote.RemoteWebDriver.findElementByXPath(RemoteWebDriver.java:500)
at org.openqa.selenium.By$ByXPath.findElement(By.java:361)
at org.openqa.selenium.remote.RemoteWebDriver.findElement(RemoteWebDriver.java:355)
at commons.AbstractPages.getTextOfElement(AbstractPages.java:43)
at pageObjects.newCustomerPageObject.getCustomerID(newCustomerPageObject.java:254)
at com.bankguru.account.Account_Level05_PageFactoryManage_SingletonParten.CreateCustomerSuccess(Account_Level05_PageFactoryManage_SingletonParten.java:212)
at java.base/jdk.internal.reflect.NativeMethodAccessorImpl.invoke0(Native Method)
at java.base/jdk.internal.reflect.NativeMethodAccessorImpl.invoke(NativeMethodAccessorImpl.java:64)
at java.base/jdk.internal.reflect.DelegatingMethodAccessorImpl.invoke(DelegatingMethodAccessorImpl.java:43)
at java.base/java.lang.reflect.Method.invoke(Method.java:564)
at org.testng.internal.MethodInvocationHelper.invokeMethod(MethodInvocationHelper.java:124)
at org.testng.internal.Invoker.invokeMethod(Invoker.java:583)
at org.testng.internal.Invoker.invokeTestMethod(Invoker.java:719)
at org.testng.internal.Invoker.invokeTestMethods(Invoker.java:989)
at org.testng.internal.TestMethodWorker.invokeTestMethods(TestMethodWorker.java:125)
at org.testng.internal.TestMethodWorker.run(TestMethodWorker.java:109)
at org.testng.TestRunner.privateRun(TestRunner.java:648)
at org.testng.TestRunner.run(TestRunner.java:505)
at org.testng.SuiteRunner.runTest(SuiteRunner.java:455)
at org.testng.SuiteRunner.runSequentially(SuiteRunner.java:450)
at org.testng.SuiteRunner.privateRun(SuiteRunner.java:415)
at org.testng.SuiteRunner.run(SuiteRunner.java:364)
at org.testng.SuiteRunnerWorker.runSuite(SuiteRunnerWorker.java:52)
at org.testng.SuiteRunnerWorker.run(SuiteRunnerWorker.java:84)
at org.testng.TestNG.runSuitesSequentially(TestNG.java:1208)
at org.testng.TestNG.runSuitesLocally(TestNG.java:1137)
at org.testng.TestNG.runSuites(TestNG.java:1049)
at org.testng.TestNG.run(TestNG.java:1017)
at org.testng.remote.AbstractRemoteTestNG.run(AbstractRemoteTestNG.java:115)
at org.testng.remote.RemoteTestNG.initAndRun(RemoteTestNG.java:251)
at org.testng.remote.RemoteTestNG.main(RemoteTestNG.java:77)
]]>
    </error>
  </testcase> <!-- CreateCustomerSuccess -->
</testsuite> <!-- com.bankguru.account.Account_Level05_PageFactoryManage_SingletonParten -->
